2026-01-26 00:05:58,360 - root - INFO - Logging initialized.
2026-01-26 00:05:58,360 - Main - INFO - Starting Bank Peer-to-Peer Node...
2026-01-26 00:05:58,361 - Main - INFO - Loading data from bank_data.json...
2026-01-26 00:05:58,361 - Main - INFO - Loaded 0 accounts.
2026-01-26 00:05:58,361 - Main - INFO - AutoSaver initialized and subscribed to Bank events.
2026-01-26 00:05:58,361 - Main - INFO - Starting TCP Server on 127.0.0.1:65525...
2026-01-26 00:07:38,705 - root - INFO - Logging initialized.
2026-01-26 00:07:38,705 - Main - INFO - Starting Bank Peer-to-Peer Node...
2026-01-26 00:07:38,705 - Main - INFO - Loading data from bank_data.json...
2026-01-26 00:07:38,706 - Main - INFO - Loaded 0 accounts.
2026-01-26 00:07:38,706 - Main - INFO - AutoSaver initialized and subscribed to Bank events.
2026-01-26 00:07:38,706 - Main - INFO - Starting TCP Server on 127.0.0.1:65525...
2026-01-26 00:08:19,563 - root - INFO - Logging initialized.
2026-01-26 00:08:19,564 - Main - INFO - Starting Bank Peer-to-Peer Node...
2026-01-26 00:08:19,564 - Main - INFO - Loading data from bank_data.json...
2026-01-26 00:08:19,564 - Main - INFO - Loaded 0 accounts.
2026-01-26 00:08:19,564 - Main - INFO - AutoSaver initialized and subscribed to Bank events.
2026-01-26 00:08:19,564 - Main - INFO - Starting TCP Server on 127.0.0.1:65525...
2026-01-26 00:08:22,624 - root - INFO - Logging initialized.
2026-01-26 00:08:22,624 - Main - INFO - Starting Bank Peer-to-Peer Node...
2026-01-26 00:08:22,624 - Main - INFO - Loading data from bank_data.json...
2026-01-26 00:08:22,642 - Main - INFO - Loaded 1 accounts.
2026-01-26 00:08:22,642 - Main - INFO - AutoSaver initialized and subscribed to Bank events.
2026-01-26 00:08:22,642 - Main - INFO - Starting TCP Server on 127.0.0.1:65525...
